Swordfish/Generic_PQAA_forCustomer/carbon8_USB_Host/build/outputs/logs/manifest-merger-debug-report.txt
-- Merging decision tree log ---
manifest
ADDED from src/main/AndroidManifest.xml:2:1-48:12
	package
		ADDED from src/main/AndroidManifest.xml:3:5-42
		INJECTED from src/main/AndroidManifest.xml
		INJECTED from src/main/AndroidManifest.xml
	android:sharedUserId
		ADDED from src/main/AndroidManifest.xml:6:6-47
	android:versionName
		ADDED from src/main/AndroidManifest.xml:5:5-39
		INJECTED from src/main/AndroidManifest.xml
		INJECTED from src/main/AndroidManifest.xml
	android:versionCode
		ADDED from src/main/AndroidManifest.xml:4:5-28
		INJECTED from src/main/AndroidManifest.xml
		INJECTED from src/main/AndroidManifest.xml
	xmlns:android
		ADDED from src/main/AndroidManifest.xml:2:11-69
application
ADDED from src/main/AndroidManifest.xml:8:5-36:19
MERGED from [PQAA:pqaa_common_library:unspecified] AndroidManifest.xml:11:5-14:19
	android:label
		ADDED from src/main/AndroidManifest.xml:10:9-41
	android:icon
		ADDED from src/main/AndroidManifest.xml:9:9-41
	android:allowBackup
		ADDED from [PQAA:pqaa_common_library:unspecified] AndroidManifest.xml:12:9-35
activity#com.wistron.carbon8_usbhost.USB
ADDED from src/main/AndroidManifest.xml:11:9-21:20
	android:screenOrientation
		ADDED from src/main/AndroidManifest.xml:15:13-49
	android:label
		ADDED from src/main/AndroidManifest.xml:14:13-45
	android:configChanges
		ADDED from src/main/AndroidManifest.xml:13:13-170
	android:name
		ADDED from src/main/AndroidManifest.xml:12:13-59
intent-filter#android.intent.action.MAIN+android.intent.category.LAUNCHER
ADDED from src/main/AndroidManifest.xml:16:13-20:29
action#android.intent.action.MAIN
ADDED from src/main/AndroidManifest.xml:17:17-69
	android:name
		ADDED from src/main/AndroidManifest.xml:17:25-66
category#android.intent.category.LAUNCHER
ADDED from src/main/AndroidManifest.xml:19:17-77
	android:name
		ADDED from src/main/AndroidManifest.xml:19:27-74
receiver#com.wistron.carbon8_usbhost.ListenUsbStatus
ADDED from src/main/AndroidManifest.xml:23:9-35:20
	android:name
		ADDED from src/main/AndroidManifest.xml:23:19-77
intent-filter#android.hardware.usb.action.USB_DEVICE_ATTACHED+android.hardware.usb.action.USB_DEVICE_DETACHED
ADDED from src/main/AndroidManifest.xml:24:13-27:29
action#android.hardware.usb.action.USB_DEVICE_ATTACHED
ADDED from src/main/AndroidManifest.xml:25:17-90
	android:name
		ADDED from src/main/AndroidManifest.xml:25:25-87
action#android.hardware.usb.action.USB_DEVICE_DETACHED
ADDED from src/main/AndroidManifest.xml:26:17-90
	android:name
		ADDED from src/main/AndroidManifest.xml:26:25-87
meta-data#android.hardware.usb.action.USB_DEVICE_ATTACHED
ADDED from src/main/AndroidManifest.xml:29:13-31:57
	android:resource
		ADDED from src/main/AndroidManifest.xml:31:17-54
	android:name
		ADDED from src/main/AndroidManifest.xml:30:17-79
meta-data#android.hardware.usb.action.USB_DEVICE_DETACHED
ADDED from src/main/AndroidManifest.xml:32:13-34:57
	android:resource
		ADDED from src/main/AndroidManifest.xml:34:17-54
	android:name
		ADDED from src/main/AndroidManifest.xml:33:17-79
uses-sdk
ADDED from src/main/AndroidManifest.xml:38:5-39:16
MERGED from [PQAA:pqaa_common_library:unspecified] AndroidManifest.xml:7:5-9:41
	android:targetSdkVersion
		INJECTED from src/main/AndroidManifest.xml
		INJECTED from src/main/AndroidManifest.xml
	android:minSdkVersion
		ADDED from src/main/AndroidManifest.xml:38:15-41
		INJECTED from src/main/AndroidManifest.xml
		INJECTED from src/main/AndroidManifest.xml
uses-feature#android.hardware.usb.host
ADDED from src/main/AndroidManifest.xml:41:5-62
	android:name
		ADDED from src/main/AndroidManifest.xml:41:19-59
uses-permission#android.permission.MOUNT_UNMOUNT_FILESYSTEMS
ADDED from src/main/AndroidManifest.xml:43:5-44:23
	android:name
		ADDED from src/main/AndroidManifest.xml:43:22-81
uses-permission#android.permission.WRITE_EXTERNAL_STORAGE
ADDED from src/main/AndroidManifest.xml:45:5-46:23
	android:name
		ADDED from src/main/AndroidManifest.xml:45:22-78
uses-permission#android.permission.WRITE_MEDIA_STORAGE
ADDED from src/main/AndroidManifest.xml:47:5-78
	android:name
		ADDED from src/main/AndroidManifest.xml:47:22-75